2021/03/27 20:26:41 log.go:35: ================>>>  开始启动...

2021/03/27 20:26:41 log.go:35: 开始服务...

2021/03/27 20:36:55 log.go:35: ================>>>  开始启动...

2021/03/27 20:36:55 log.go:35: 开始服务...

2021/03/27 20:36:56 log.go:35: ================>>>  开始启动...

2021/03/27 20:36:56 log.go:35: 开始服务...

2021/03/27 21:18:04 log.go:35: ================>>>  开始启动...

2021/03/27 21:18:04 log.go:35: 开始服务...

2021/03/27 21:18:05 log.go:35: ================>>>  开始启动...

2021/03/27 21:18:05 log.go:35: 开始服务...

2021/03/28 07:50:05 log.go:35: ================>>>  开始启动...

2021/03/28 07:50:05 log.go:35: 开始服务...

2021/03/28 07:50:06 log.go:35: ================>>>  开始启动...

2021/03/28 07:50:06 log.go:35: 开始服务...

2021/03/28 07:51:31 log.go:35: ================>>>  开始启动...

2021/03/28 07:51:31 log.go:35: 开始服务...

2021/03/28 07:51:32 log.go:35: ================>>>  开始启动...

2021/03/28 07:51:32 log.go:35: 开始服务...

2021/03/28 07:53:42 log.go:35: ================>>>  开始启动...

2021/03/28 07:53:42 log.go:35: 开始服务...

2021/03/28 07:53:43 log.go:35: ================>>>  开始启动...

2021/03/28 07:53:43 log.go:35: 开始服务...

2021/03/28 07:55:43 log.go:35: ================>>>  开始启动...

2021/03/28 07:55:43 log.go:35: 开始服务...

2021/03/28 07:55:44 log.go:35: ================>>>  开始启动...

2021/03/28 07:55:44 log.go:35: 开始服务...

2021/03/28 07:56:50 log.go:35: ================>>>  开始启动...

2021/03/28 07:56:50 log.go:35: 开始服务...

2021/03/28 07:56:51 log.go:35: ================>>>  开始启动...

2021/03/28 07:56:51 log.go:35: 开始服务...

2021/03/28 08:02:54 log.go:35: ================>>>  开始启动...

2021/03/28 08:02:54 log.go:35: 开始服务...

2021/03/28 08:02:54 log.go:35: ================>>>  开始启动...

2021/03/28 08:02:54 log.go:35: 开始服务...

2021/03/28 08:07:20 log.go:35: ================>>>  开始启动...

2021/03/28 08:07:20 log.go:35: 开始服务...

2021/03/28 08:07:21 log.go:35: ================>>>  开始启动...

2021/03/28 08:07:21 log.go:35: 开始服务...

2021/03/28 08:57:19 log.go:35: ================>>>  开始启动...

2021/03/28 08:57:19 log.go:35: 开始服务...

2021/03/28 08:57:19 log.go:35: ================>>>  开始启动...

2021/03/28 08:57:19 log.go:35: 开始服务...

2021/03/28 09:22:27 log.go:35: ================>>>  开始启动...

2021/03/28 09:22:27 log.go:35: 开始服务...

2021/03/28 09:22:28 log.go:35: ================>>>  开始启动...

2021/03/28 09:22:28 log.go:35: 开始服务...

2021/03/28 09:26:56 log.go:35: ================>>>  开始启动...

2021/03/28 09:26:56 log.go:35: 开始服务...

2021/03/28 09:26:57 log.go:35: ================>>>  开始启动...

2021/03/28 09:26:57 log.go:35: 开始服务...

2021/03/28 09:31:12 log.go:35: ================>>>  开始启动...

2021/03/28 09:31:12 log.go:35: 开始服务...

2021/03/28 09:31:12 log.go:35: ================>>>  开始启动...

2021/03/28 09:31:12 log.go:35: 开始服务...

2021/03/28 09:33:36 log.go:35: ================>>>  开始启动...

2021/03/28 09:33:36 log.go:35: 开始服务...

2021/03/28 09:33:37 log.go:35: ================>>>  开始启动...

2021/03/28 09:33:37 log.go:35: 开始服务...

2021/03/28 09:45:04 log.go:35: ================>>>  开始启动...

2021/03/28 09:45:04 log.go:35: 开始服务...

2021/03/28 09:45:04 log.go:35: ================>>>  开始启动...

2021/03/28 09:45:04 log.go:35: 开始服务...

2021/03/28 09:59:34 log.go:35: ================>>>  开始启动...

2021/03/28 09:59:34 log.go:35: 开始服务...

2021/03/28 09:59:35 log.go:35: ================>>>  开始启动...

2021/03/28 09:59:35 log.go:35: 开始服务...

2021/03/28 10:00:38 log.go:35: ================>>>  开始启动...

2021/03/28 10:00:38 log.go:35: 开始服务...

2021/03/28 10:00:38 log.go:35: ================>>>  开始启动...

2021/03/28 10:00:38 log.go:35: 开始服务...

2021/03/28 10:18:22 log.go:35: ================>>>  开始启动...

2021/03/28 10:18:22 log.go:35: 开始服务...

2021/03/28 10:18:22 log.go:35: ================>>>  开始启动...

2021/03/28 10:18:22 log.go:35: 开始服务...

2021/03/28 12:06:12 log.go:35: ================>>>  开始启动...

2021/03/28 12:06:12 log.go:35: 开始服务...

2021/03/28 12:06:13 log.go:35: ================>>>  开始启动...

2021/03/28 12:06:13 log.go:35: 开始服务...

2021/03/28 12:09:25 log.go:35: ================>>>  开始启动...

2021/03/28 12:09:25 log.go:35: 开始服务...

2021/03/28 12:09:26 log.go:35: ================>>>  开始启动...

2021/03/28 12:09:26 log.go:35: 开始服务...

2021/03/28 12:17:48 log.go:35: ================>>>  开始启动...

2021/03/28 12:17:48 log.go:35: 开始服务...

2021/03/28 12:17:49 log.go:35: ================>>>  开始启动...

2021/03/28 12:17:49 log.go:35: 开始服务...

2021/03/28 13:07:59 log.go:35: ================>>>  开始启动...

2021/03/28 13:07:59 log.go:35: 开始服务...

2021/03/28 13:08:00 log.go:35: ================>>>  开始启动...

2021/03/28 13:08:00 log.go:35: 开始服务...

2021/03/28 19:08:25 log.go:35: ================>>>  开始启动...

2021/03/28 19:08:25 log.go:35: 开始服务...

2021/03/28 19:08:26 log.go:35: ================>>>  开始启动...

2021/03/28 19:08:26 log.go:35: 开始服务...

2021/03/28 19:10:48 log.go:35: ================>>>  开始启动...

2021/03/28 19:10:48 log.go:35: 开始服务...

2021/03/28 19:10:49 log.go:35: ================>>>  开始启动...

2021/03/28 19:10:49 log.go:35: 开始服务...

2021/03/28 19:11:34 log.go:35: ================>>>  开始启动...

2021/03/28 19:11:34 log.go:35: 开始服务...

2021/03/28 19:11:35 log.go:35: ================>>>  开始启动...

2021/03/28 19:11:35 log.go:35: 开始服务...

2021/03/28 19:39:43 log.go:35: ================>>>  开始启动...

2021/03/28 19:39:43 log.go:35: 开始服务...

2021/03/28 19:39:44 log.go:35: ================>>>  开始启动...

2021/03/28 19:39:44 log.go:35: 开始服务...

2021/03/29 08:18:34 log.go:35: ================>>>  开始启动...

2021/03/29 08:18:34 log.go:35: 开始服务...

2021/03/29 08:18:35 log.go:35: ================>>>  开始启动...

2021/03/29 08:18:35 log.go:35: 开始服务...

2021/03/29 08:20:15 log.go:35: ================>>>  开始启动...

2021/03/29 08:20:15 log.go:35: 开始服务...

2021/03/29 08:20:15 log.go:35: ================>>>  开始启动...

2021/03/29 08:20:15 log.go:35: 开始服务...

2021/03/29 08:22:50 log.go:35: ================>>>  开始启动...

2021/03/29 08:22:50 log.go:35: 开始服务...

2021/03/29 08:22:51 log.go:35: ================>>>  开始启动...

2021/03/29 08:22:51 log.go:35: 开始服务...

2021/03/29 08:23:49 log.go:35: ================>>>  开始启动...

2021/03/29 08:23:49 log.go:35: 开始服务...

2021/03/29 08:23:50 log.go:35: ================>>>  开始启动...

2021/03/29 08:23:50 log.go:35: 开始服务...

2021/03/29 08:52:07 log.go:35: ================>>>  开始启动...

2021/03/29 08:52:07 log.go:35: 开始服务...

2021/03/29 08:52:07 log.go:35: ================>>>  开始启动...

2021/03/29 08:52:07 log.go:35: 开始服务...

2021/03/29 09:02:12 log.go:35: ================>>>  开始启动...

2021/03/29 09:02:12 log.go:35: 开始服务...

2021/03/29 09:02:13 log.go:35: ================>>>  开始启动...

2021/03/29 09:02:13 log.go:35: 开始服务...

2021/03/29 09:03:56 log.go:35: ================>>>  开始启动...

2021/03/29 09:03:56 log.go:35: 开始服务...

2021/03/29 09:03:57 log.go:35: ================>>>  开始启动...

2021/03/29 09:03:57 log.go:35: 开始服务...

2021/03/29 09:04:49 log.go:35: ================>>>  开始启动...

2021/03/29 09:04:49 log.go:35: 开始服务...

2021/03/29 09:04:50 log.go:35: ================>>>  开始启动...

2021/03/29 09:04:50 log.go:35: 开始服务...

2021/03/29 09:15:38 log.go:35: ================>>>  开始启动...

2021/03/29 09:15:38 log.go:35: 开始服务...

2021/03/29 09:15:38 log.go:35: ================>>>  开始启动...

2021/03/29 09:15:38 log.go:35: 开始服务...

2021/03/29 09:16:25 log.go:35: ================>>>  开始启动...

2021/03/29 09:16:25 log.go:35: 开始服务...

2021/03/29 09:16:25 log.go:35: ================>>>  开始启动...

2021/03/29 09:16:25 log.go:35: 开始服务...

2021/03/29 09:20:28 log.go:35: ================>>>  开始启动...

2021/03/29 09:20:28 log.go:35: 开始服务...

2021/03/29 09:20:29 log.go:35: ================>>>  开始启动...

2021/03/29 09:20:29 log.go:35: 开始服务...

2021/03/29 09:21:40 log.go:35: ================>>>  开始启动...

2021/03/29 09:21:40 log.go:35: 开始服务...

2021/03/29 09:21:40 log.go:35: ================>>>  开始启动...

2021/03/29 09:21:40 log.go:35: 开始服务...

2021/03/29 09:22:31 log.go:35: ================>>>  开始启动...

2021/03/29 09:22:31 log.go:35: 开始服务...

2021/03/29 09:22:32 log.go:35: ================>>>  开始启动...

2021/03/29 09:22:32 log.go:35: 开始服务...

2021/03/29 09:23:25 log.go:35: ================>>>  开始启动...

2021/03/29 09:23:25 log.go:35: 开始服务...

2021/03/29 09:23:26 log.go:35: ================>>>  开始启动...

2021/03/29 09:23:26 log.go:35: 开始服务...

2021/03/29 09:24:58 log.go:35: ================>>>  开始启动...

2021/03/29 09:24:58 log.go:35: 开始服务...

2021/03/29 09:24:58 log.go:35: ================>>>  开始启动...

2021/03/29 09:24:58 log.go:35: 开始服务...

2021/03/29 09:25:37 log.go:35: ================>>>  开始启动...

2021/03/29 09:25:37 log.go:35: 开始服务...

2021/03/29 09:25:37 log.go:35: ================>>>  开始启动...

2021/03/29 09:25:37 log.go:35: 开始服务...

2021/03/29 09:26:27 log.go:35: ================>>>  开始启动...

2021/03/29 09:26:27 log.go:35: 开始服务...

2021/03/29 09:26:28 log.go:35: ================>>>  开始启动...

2021/03/29 09:26:28 log.go:35: 开始服务...

2021/03/29 09:26:59 log.go:35: ================>>>  开始启动...

2021/03/29 09:26:59 log.go:35: 开始服务...

2021/03/29 09:27:00 log.go:35: ================>>>  开始启动...

2021/03/29 09:27:00 log.go:35: 开始服务...

2021/03/29 09:27:35 log.go:35: ================>>>  开始启动...

2021/03/29 09:27:35 log.go:35: 开始服务...

2021/03/29 09:27:35 log.go:35: ================>>>  开始启动...

2021/03/29 09:27:35 log.go:35: 开始服务...

2021/03/29 09:28:29 log.go:35: ================>>>  开始启动...

2021/03/29 09:28:29 log.go:35: 开始服务...

2021/03/29 09:28:30 log.go:35: ================>>>  开始启动...

2021/03/29 09:28:30 log.go:35: 开始服务...

2021/03/29 09:29:24 log.go:35: ================>>>  开始启动...

2021/03/29 09:29:24 log.go:35: 开始服务...

2021/03/29 09:29:25 log.go:35: ================>>>  开始启动...

2021/03/29 09:29:25 log.go:35: 开始服务...

2021/03/29 09:32:33 log.go:35: ================>>>  开始启动...

2021/03/29 09:32:33 log.go:35: 开始服务...

2021/03/29 09:32:33 log.go:35: ================>>>  开始启动...

2021/03/29 09:32:33 log.go:35: 开始服务...

2021/03/29 09:33:45 log.go:35: ================>>>  开始启动...

2021/03/29 09:33:45 log.go:35: 开始服务...

2021/03/29 09:33:46 log.go:35: ================>>>  开始启动...

2021/03/29 09:33:46 log.go:35: 开始服务...

2021/03/29 09:34:50 log.go:35: ================>>>  开始启动...

2021/03/29 09:34:50 log.go:35: 开始服务...

2021/03/29 09:34:51 log.go:35: ================>>>  开始启动...

2021/03/29 09:34:51 log.go:35: 开始服务...

2021/03/29 09:36:19 log.go:35: ================>>>  开始启动...

2021/03/29 09:36:19 log.go:35: 开始服务...

2021/03/29 09:36:19 log.go:35: ================>>>  开始启动...

2021/03/29 09:36:19 log.go:35: 开始服务...

2021/03/29 10:03:06 log.go:35: ================>>>  开始启动...

2021/03/29 10:03:06 log.go:35: 开始服务...

2021/03/29 10:03:06 log.go:35: ================>>>  开始启动...

2021/03/29 10:03:06 log.go:35: 开始服务...

2021/03/29 10:03:44 log.go:35: ================>>>  开始启动...

2021/03/29 10:03:44 log.go:35: 开始服务...

2021/03/29 10:03:44 log.go:35: ================>>>  开始启动...

2021/03/29 10:03:44 log.go:35: 开始服务...

2021/03/29 10:14:20 log.go:35: ================>>>  开始启动...

2021/03/29 10:14:20 log.go:35: 开始服务...

2021/03/29 10:14:20 log.go:35: ================>>>  开始启动...

2021/03/29 10:14:20 log.go:35: 开始服务...

2021/03/29 10:15:14 log.go:35: ================>>>  开始启动...

2021/03/29 10:15:14 log.go:35: 开始服务...

2021/03/29 10:15:14 log.go:35: ================>>>  开始启动...

2021/03/29 10:15:14 log.go:35: 开始服务...

2021/03/29 10:15:52 log.go:35: ================>>>  开始启动...

2021/03/29 10:15:52 log.go:35: 开始服务...

2021/03/29 10:15:53 log.go:35: ================>>>  开始启动...

2021/03/29 10:15:53 log.go:35: 开始服务...

2021/03/29 10:16:21 log.go:35: ================>>>  开始启动...

2021/03/29 10:16:21 log.go:35: 开始服务...

2021/03/29 10:16:21 log.go:35: ================>>>  开始启动...

2021/03/29 10:16:21 log.go:35: 开始服务...

2021/03/29 10:18:57 log.go:35: ================>>>  开始启动...

2021/03/29 10:18:57 log.go:35: 开始服务...

2021/03/29 10:18:58 log.go:35: ================>>>  开始启动...

2021/03/29 10:18:58 log.go:35: 开始服务...

2021/03/29 10:19:52 log.go:35: ================>>>  开始启动...

2021/03/29 10:19:52 log.go:35: 开始服务...

2021/03/29 10:19:52 log.go:35: ================>>>  开始启动...

2021/03/29 10:19:52 log.go:35: 开始服务...

2021/03/29 10:22:25 log.go:35: ================>>>  开始启动...

2021/03/29 10:22:25 log.go:35: 开始服务...

2021/03/29 10:22:25 log.go:35: ================>>>  开始启动...

2021/03/29 10:22:25 log.go:35: 开始服务...

2021/03/29 10:24:48 log.go:35: ================>>>  开始启动...

2021/03/29 10:24:48 log.go:35: 开始服务...

2021/03/29 10:24:49 log.go:35: ================>>>  开始启动...

2021/03/29 10:24:49 log.go:35: 开始服务...

2021/03/29 10:25:55 log.go:35: ================>>>  开始启动...

2021/03/29 10:25:55 log.go:35: 开始服务...

2021/03/29 10:25:56 log.go:35: ================>>>  开始启动...

2021/03/29 10:25:56 log.go:35: 开始服务...

2021/03/29 10:27:06 log.go:35: ================>>>  开始启动...

2021/03/29 10:27:06 log.go:35: 开始服务...

2021/03/29 10:27:06 log.go:35: ================>>>  开始启动...

2021/03/29 10:27:06 log.go:35: 开始服务...

2021/03/29 10:28:14 log.go:35: ================>>>  开始启动...

2021/03/29 10:28:14 log.go:35: 开始服务...

2021/03/29 10:28:14 log.go:35: ================>>>  开始启动...

2021/03/29 10:28:14 log.go:35: 开始服务...

2021/03/29 10:29:05 log.go:35: ================>>>  开始启动...

2021/03/29 10:29:05 log.go:35: 开始服务...

2021/03/29 10:29:06 log.go:35: ================>>>  开始启动...

2021/03/29 10:29:06 log.go:35: 开始服务...

2021/03/29 10:31:15 log.go:35: ================>>>  开始启动...

2021/03/29 10:31:15 log.go:35: 开始服务...

2021/03/29 10:31:15 log.go:35: ================>>>  开始启动...

2021/03/29 10:31:15 log.go:35: 开始服务...

2021/03/29 10:32:32 log.go:35: ================>>>  开始启动...

2021/03/29 10:32:32 log.go:35: 开始服务...

2021/03/29 10:32:32 log.go:35: ================>>>  开始启动...

2021/03/29 10:32:32 log.go:35: 开始服务...

2021/03/29 10:33:06 log.go:35: ================>>>  开始启动...

2021/03/29 10:33:06 log.go:35: 开始服务...

2021/03/29 10:33:06 log.go:35: ================>>>  开始启动...

2021/03/29 10:33:06 log.go:35: 开始服务...

2021/03/29 10:34:06 log.go:35: ================>>>  开始启动...

2021/03/29 10:34:06 log.go:35: 开始服务...

2021/03/29 10:34:07 log.go:35: ================>>>  开始启动...

2021/03/29 10:34:07 log.go:35: 开始服务...

2021/03/29 10:34:54 log.go:35: ================>>>  开始启动...

2021/03/29 10:34:54 log.go:35: 开始服务...

2021/03/29 10:34:55 log.go:35: ================>>>  开始启动...

2021/03/29 10:34:55 log.go:35: 开始服务...

2021/03/29 10:35:23 log.go:35: ================>>>  开始启动...

2021/03/29 10:35:23 log.go:35: 开始服务...

2021/03/29 10:35:23 log.go:35: ================>>>  开始启动...

2021/03/29 10:35:23 log.go:35: 开始服务...

2021/03/29 10:35:58 log.go:35: ================>>>  开始启动...

2021/03/29 10:35:58 log.go:35: 开始服务...

2021/03/29 10:35:58 log.go:35: ================>>>  开始启动...

2021/03/29 10:35:58 log.go:35: 开始服务...

2021/03/29 10:36:29 log.go:35: ================>>>  开始启动...

2021/03/29 10:36:29 log.go:35: 开始服务...

2021/03/29 10:36:29 log.go:35: ================>>>  开始启动...

2021/03/29 10:36:29 log.go:35: 开始服务...

2021/03/29 10:36:50 log.go:35: ================>>>  开始启动...

2021/03/29 10:36:50 log.go:35: 开始服务...

2021/03/29 10:36:50 log.go:35: ================>>>  开始启动...

2021/03/29 10:36:50 log.go:35: 开始服务...

2021/03/29 10:44:44 log.go:35: ================>>>  开始启动...

2021/03/29 10:44:44 log.go:35: 开始服务...

2021/03/29 10:44:45 log.go:35: ================>>>  开始启动...

2021/03/29 10:44:45 log.go:35: 开始服务...

2021/03/29 10:45:54 log.go:35: ================>>>  开始启动...

2021/03/29 10:45:54 log.go:35: 开始服务...

2021/03/29 10:45:55 log.go:35: ================>>>  开始启动...

2021/03/29 10:45:55 log.go:35: 开始服务...

2021/03/29 10:49:49 log.go:35: ================>>>  开始启动...

2021/03/29 10:49:49 log.go:35: 开始服务...

2021/03/29 10:49:49 log.go:35: ================>>>  开始启动...

2021/03/29 10:49:49 log.go:35: 开始服务...

2021/03/29 10:50:51 log.go:35: ================>>>  开始启动...

2021/03/29 10:50:51 log.go:35: 开始服务...

2021/03/29 10:50:52 log.go:35: ================>>>  开始启动...

2021/03/29 10:50:52 log.go:35: 开始服务...

2021/03/29 11:14:49 log.go:35: ================>>>  开始启动...

2021/03/29 11:14:49 log.go:35: 开始服务...

2021/03/29 11:14:50 log.go:35: ================>>>  开始启动...

2021/03/29 11:14:50 log.go:35: 开始服务...

2021/03/29 11:22:25 log.go:35: ================>>>  开始启动...

2021/03/29 11:22:25 log.go:35: 开始服务...

2021/03/29 11:22:25 log.go:35: ================>>>  开始启动...

2021/03/29 11:22:25 log.go:35: 开始服务...

2021/03/29 11:37:53 log.go:35: ================>>>  开始启动...

2021/03/29 11:37:53 log.go:35: 开始服务...

2021/03/29 11:37:53 log.go:35: ================>>>  开始启动...

2021/03/29 11:37:53 log.go:35: 开始服务...

2021/03/29 11:47:24 log.go:35: ================>>>  开始启动...

2021/03/29 11:47:24 log.go:35: 开始服务...

2021/03/29 11:47:24 log.go:35: ================>>>  开始启动...

2021/03/29 11:47:24 log.go:35: 开始服务...

2021/03/29 11:51:07 log.go:35: ================>>>  开始启动...

2021/03/29 11:51:07 log.go:35: 开始服务...

2021/03/29 11:51:07 log.go:35: ================>>>  开始启动...

2021/03/29 11:51:07 log.go:35: 开始服务...

2021/03/29 12:01:24 log.go:35: ================>>>  开始启动...

2021/03/29 12:01:24 log.go:35: 开始服务...

2021/03/29 12:01:24 log.go:35: ================>>>  开始启动...

2021/03/29 12:01:24 log.go:35: 开始服务...

2021/03/29 12:13:49 log.go:35: ================>>>  开始启动...

2021/03/29 12:13:49 log.go:35: 开始服务...

2021/03/29 12:13:50 log.go:35: ================>>>  开始启动...

2021/03/29 12:13:50 log.go:35: 开始服务...

2021/03/29 12:34:55 log.go:35: ================>>>  开始启动...

2021/03/29 12:34:55 log.go:35: 开始服务...

2021/03/29 12:34:55 log.go:35: ================>>>  开始启动...

2021/03/29 12:34:55 log.go:35: 开始服务...

2021/03/29 12:41:53 log.go:35: ================>>>  开始启动...

2021/03/29 12:41:53 log.go:35: 开始服务...

2021/03/29 12:41:54 log.go:35: ================>>>  开始启动...

2021/03/29 12:41:54 log.go:35: 开始服务...

2021/03/29 12:51:18 log.go:35: ================>>>  开始启动...

2021/03/29 12:51:18 log.go:35: 开始服务...

2021/03/29 12:51:19 log.go:35: ================>>>  开始启动...

2021/03/29 12:51:19 log.go:35: 开始服务...

2021/03/29 12:53:17 log.go:35: ================>>>  开始启动...

2021/03/29 12:53:17 log.go:35: 开始服务...

2021/03/29 12:53:17 log.go:35: ================>>>  开始启动...

2021/03/29 12:53:17 log.go:35: 开始服务...

2021/03/29 13:02:02 log.go:35: ================>>>  开始启动...

2021/03/29 13:02:02 log.go:35: 开始服务...

2021/03/29 13:02:03 log.go:35: ================>>>  开始启动...

2021/03/29 13:02:03 log.go:35: 开始服务...

2021/03/29 13:52:21 log.go:35: ================>>>  开始启动...

2021/03/29 13:52:21 log.go:35: 开始服务...

2021/03/29 13:52:22 log.go:35: ================>>>  开始启动...

2021/03/29 13:52:22 log.go:35: 开始服务...

2021/03/29 14:17:37 log.go:35: ================>>>  开始启动...

2021/03/29 14:17:37 log.go:35: 开始服务...

2021/03/29 14:17:37 log.go:35: ================>>>  开始启动...

2021/03/29 14:17:37 log.go:35: 开始服务...

2021/03/29 14:49:15 log.go:35: ================>>>  开始启动...

2021/03/29 14:49:15 log.go:35: 开始服务...

2021/03/29 14:49:15 log.go:35: ================>>>  开始启动...

2021/03/29 14:49:15 log.go:35: 开始服务...

2021/03/29 14:58:54 log.go:35: ================>>>  开始启动...

2021/03/29 14:58:54 log.go:35: 开始服务...

2021/03/29 14:58:55 log.go:35: ================>>>  开始启动...

2021/03/29 14:58:55 log.go:35: 开始服务...

2021/03/29 15:13:55 log.go:35: ================>>>  开始启动...

2021/03/29 15:13:55 log.go:35: 开始服务...

2021/03/29 15:13:56 log.go:35: ================>>>  开始启动...

2021/03/29 15:13:56 log.go:35: 开始服务...

2021/03/29 15:16:27 log.go:35: ================>>>  开始启动...

2021/03/29 15:16:27 log.go:35: 开始服务...

2021/03/29 15:16:27 log.go:35: ================>>>  开始启动...

2021/03/29 15:16:27 log.go:35: 开始服务...

2021/03/29 16:00:41 log.go:35: ================>>>  开始启动...

2021/03/29 16:00:41 log.go:35: 开始服务...

2021/03/29 16:00:42 log.go:35: ================>>>  开始启动...

2021/03/29 16:00:42 log.go:35: 开始服务...

2021/03/29 16:02:40 log.go:35: ================>>>  开始启动...

2021/03/29 16:02:40 log.go:35: 开始服务...

2021/03/29 16:02:40 log.go:35: ================>>>  开始启动...

2021/03/29 16:02:40 log.go:35: 开始服务...

2021/03/29 16:14:01 log.go:35: ================>>>  开始启动...

2021/03/29 16:14:01 log.go:35: 开始服务...

2021/03/29 16:14:02 log.go:35: ================>>>  开始启动...

2021/03/29 16:14:02 log.go:35: 开始服务...

2021/03/29 16:22:14 log.go:35: ================>>>  开始启动...

2021/03/29 16:22:14 log.go:35: 开始服务...

2021/03/29 16:22:14 log.go:35: ================>>>  开始启动...

2021/03/29 16:22:14 log.go:35: 开始服务...

2021/03/29 16:35:34 log.go:35: ================>>>  开始启动...

2021/03/29 16:35:34 log.go:35: 开始服务...

2021/03/29 16:35:35 log.go:35: ================>>>  开始启动...

2021/03/29 16:35:35 log.go:35: 开始服务...

2021/03/29 16:36:23 log.go:35: ================>>>  开始启动...

2021/03/29 16:36:23 log.go:35: 开始服务...

2021/03/29 16:36:24 log.go:35: ================>>>  开始启动...

2021/03/29 16:36:24 log.go:35: 开始服务...

2021/03/29 16:37:56 log.go:35: ================>>>  开始启动...

2021/03/29 16:37:56 log.go:35: 开始服务...

2021/03/29 16:37:56 log.go:35: ================>>>  开始启动...

2021/03/29 16:37:56 log.go:35: 开始服务...

2021/03/29 16:40:19 log.go:35: rowslist.go:write tcp 127.0.0.1:9001->127.0.0.1:33298: write: broken pipe

2021/03/29 17:38:04 log.go:35: ================>>>  开始启动...

2021/03/29 17:38:04 log.go:35: 开始服务...

2021/03/29 17:38:05 log.go:35: ================>>>  开始启动...

2021/03/29 17:38:05 log.go:35: 开始服务...

2021/03/29 17:59:34 log.go:35: ================>>>  开始启动...

2021/03/29 17:59:34 log.go:35: 开始服务...

2021/03/29 17:59:35 log.go:35: ================>>>  开始启动...

2021/03/29 17:59:35 log.go:35: 开始服务...

2021/03/29 18:01:43 log.go:35: ================>>>  开始启动...

2021/03/29 18:01:43 log.go:35: 开始服务...

2021/03/29 18:01:43 log.go:35: ================>>>  开始启动...

2021/03/29 18:01:43 log.go:35: 开始服务...

2021/03/29 18:02:36 log.go:35: ================>>>  开始启动...

2021/03/29 18:02:36 log.go:35: 开始服务...

2021/03/29 18:02:36 log.go:35: ================>>>  开始启动...

2021/03/29 18:02:36 log.go:35: 开始服务...

2021/03/29 18:03:22 log.go:35: ================>>>  开始启动...

2021/03/29 18:03:22 log.go:35: 开始服务...

2021/03/29 18:03:22 log.go:35: ================>>>  开始启动...

2021/03/29 18:03:22 log.go:35: 开始服务...

2021/03/29 18:04:43 log.go:35: ================>>>  开始启动...

2021/03/29 18:04:43 log.go:35: 开始服务...

2021/03/29 18:04:43 log.go:35: ================>>>  开始启动...

2021/03/29 18:04:43 log.go:35: 开始服务...

2021/03/29 18:06:37 log.go:35: ================>>>  开始启动...

2021/03/29 18:06:37 log.go:35: 开始服务...

2021/03/29 18:06:38 log.go:35: ================>>>  开始启动...

2021/03/29 18:06:38 log.go:35: 开始服务...

2021/03/29 18:10:16 log.go:35: ================>>>  开始启动...

2021/03/29 18:10:16 log.go:35: 开始服务...

2021/03/29 18:10:17 log.go:35: ================>>>  开始启动...

2021/03/29 18:10:17 log.go:35: 开始服务...

2021/03/29 18:11:03 log.go:35: ================>>>  开始启动...

2021/03/29 18:11:03 log.go:35: 开始服务...

2021/03/29 18:11:04 log.go:35: ================>>>  开始启动...

2021/03/29 18:11:04 log.go:35: 开始服务...

2021/03/29 18:11:29 log.go:35: ================>>>  开始启动...

2021/03/29 18:11:29 log.go:35: 开始服务...

2021/03/29 18:11:29 log.go:35: ================>>>  开始启动...

2021/03/29 18:11:29 log.go:35: 开始服务...

2021/03/29 18:12:21 log.go:35: ================>>>  开始启动...

2021/03/29 18:12:21 log.go:35: 开始服务...

2021/03/29 18:12:22 log.go:35: ================>>>  开始启动...

2021/03/29 18:12:22 log.go:35: 开始服务...

2021/03/29 18:13:08 log.go:35: ================>>>  开始启动...

2021/03/29 18:13:08 log.go:35: 开始服务...

2021/03/29 18:13:08 log.go:35: ================>>>  开始启动...

2021/03/29 18:13:08 log.go:35: 开始服务...

2021/03/29 18:14:14 log.go:35: ================>>>  开始启动...

2021/03/29 18:14:14 log.go:35: 开始服务...

2021/03/29 18:14:15 log.go:35: ================>>>  开始启动...

2021/03/29 18:14:15 log.go:35: 开始服务...

2021/03/29 18:16:19 log.go:35: ================>>>  开始启动...

2021/03/29 18:16:19 log.go:35: 开始服务...

2021/03/29 18:16:20 log.go:35: ================>>>  开始启动...

2021/03/29 18:16:20 log.go:35: 开始服务...

2021/03/29 18:16:53 log.go:35: ================>>>  开始启动...

2021/03/29 18:16:53 log.go:35: 开始服务...

2021/03/29 18:16:53 log.go:35: ================>>>  开始启动...

2021/03/29 18:16:53 log.go:35: 开始服务...

2021/03/29 18:17:49 log.go:35: ================>>>  开始启动...

2021/03/29 18:17:49 log.go:35: 开始服务...

2021/03/29 18:17:50 log.go:35: ================>>>  开始启动...

2021/03/29 18:17:50 log.go:35: 开始服务...

2021/03/29 18:20:17 log.go:35: ================>>>  开始启动...

2021/03/29 18:20:17 log.go:35: 开始服务...

2021/03/29 18:20:18 log.go:35: ================>>>  开始启动...

2021/03/29 18:20:18 log.go:35: 开始服务...

2021/03/29 18:22:38 log.go:35: ================>>>  开始启动...

2021/03/29 18:22:38 log.go:35: 开始服务...

2021/03/29 18:22:38 log.go:35: ================>>>  开始启动...

2021/03/29 18:22:38 log.go:35: 开始服务...

2021/03/29 18:23:16 log.go:35: ================>>>  开始启动...

2021/03/29 18:23:16 log.go:35: 开始服务...

2021/03/29 18:23:17 log.go:35: ================>>>  开始启动...

2021/03/29 18:23:17 log.go:35: 开始服务...

2021/03/29 18:29:27 log.go:35: ================>>>  开始启动...

2021/03/29 18:29:27 log.go:35: 开始服务...

2021/03/29 18:29:28 log.go:35: ================>>>  开始启动...

2021/03/29 18:29:28 log.go:35: 开始服务...

2021/03/29 18:30:30 log.go:35: ================>>>  开始启动...

2021/03/29 18:30:30 log.go:35: 开始服务...

2021/03/29 18:30:30 log.go:35: ================>>>  开始启动...

2021/03/29 18:30:30 log.go:35: 开始服务...

2021/03/29 18:31:22 log.go:35: ================>>>  开始启动...

2021/03/29 18:31:22 log.go:35: 开始服务...

2021/03/29 18:31:22 log.go:35: ================>>>  开始启动...

2021/03/29 18:31:22 log.go:35: 开始服务...

2021/03/29 18:38:25 log.go:35: ================>>>  开始启动...

2021/03/29 18:38:25 log.go:35: 开始服务...

2021/03/29 18:38:25 log.go:35: ================>>>  开始启动...

2021/03/29 18:38:25 log.go:35: 开始服务...

2021/03/29 18:39:01 log.go:35: ================>>>  开始启动...

2021/03/29 18:39:01 log.go:35: 开始服务...

2021/03/29 18:39:02 log.go:35: ================>>>  开始启动...

2021/03/29 18:39:02 log.go:35: 开始服务...

2021/03/29 18:44:01 log.go:35: ================>>>  开始启动...

2021/03/29 18:44:01 log.go:35: 开始服务...

2021/03/29 18:44:01 log.go:35: ================>>>  开始启动...

2021/03/29 18:44:01 log.go:35: 开始服务...

2021/03/29 18:44:25 log.go:35: ================>>>  开始启动...

2021/03/29 18:44:25 log.go:35: 开始服务...

2021/03/29 18:44:26 log.go:35: ================>>>  开始启动...

2021/03/29 18:44:26 log.go:35: 开始服务...

2021/03/29 18:45:34 log.go:35: ================>>>  开始启动...

2021/03/29 18:45:34 log.go:35: 开始服务...

2021/03/29 18:45:35 log.go:35: ================>>>  开始启动...

2021/03/29 18:45:35 log.go:35: 开始服务...

2021/03/29 18:48:53 log.go:35: ================>>>  开始启动...

2021/03/29 18:48:53 log.go:35: 开始服务...

2021/03/29 18:48:54 log.go:35: ================>>>  开始启动...

2021/03/29 18:48:54 log.go:35: 开始服务...

2021/03/29 18:52:15 log.go:35: ================>>>  开始启动...

2021/03/29 18:52:15 log.go:35: 开始服务...

2021/03/29 18:52:16 log.go:35: ================>>>  开始启动...

2021/03/29 18:52:16 log.go:35: 开始服务...

2021/03/29 19:05:44 log.go:35: ================>>>  开始启动...

2021/03/29 19:05:44 log.go:35: 开始服务...

2021/03/29 19:05:44 log.go:35: ================>>>  开始启动...

2021/03/29 19:05:44 log.go:35: 开始服务...

2021/03/29 19:08:52 log.go:35: ================>>>  开始启动...

2021/03/29 19:08:52 log.go:35: 开始服务...

2021/03/29 19:08:53 log.go:35: ================>>>  开始启动...

2021/03/29 19:08:53 log.go:35: 开始服务...

2021/03/29 19:12:52 log.go:35: ================>>>  开始启动...

2021/03/29 19:12:53 log.go:35: 开始服务...

2021/03/29 19:12:53 log.go:35: ================>>>  开始启动...

2021/03/29 19:12:53 log.go:35: 开始服务...

2021/03/29 19:14:49 log.go:35: ================>>>  开始启动...

2021/03/29 19:14:49 log.go:35: 开始服务...

2021/03/29 19:14:49 log.go:35: ================>>>  开始启动...

2021/03/29 19:14:49 log.go:35: 开始服务...

2021/03/29 19:20:41 log.go:35: ================>>>  开始启动...

2021/03/29 19:20:41 log.go:35: 开始服务...

2021/03/29 19:20:42 log.go:35: ================>>>  开始启动...

2021/03/29 19:20:42 log.go:35: 开始服务...

2021/03/30 09:56:12 log.go:35: ================>>>  开始启动...

2021/03/30 09:56:12 log.go:35: 开始服务...

2021/03/30 09:56:13 log.go:35: ================>>>  开始启动...

2021/03/30 09:56:13 log.go:35: 开始服务...

2021/03/30 13:30:01 log.go:35: ================>>>  开始启动...

2021/03/30 13:30:01 log.go:35: 开始服务...

2021/03/30 13:30:02 log.go:35: ================>>>  开始启动...

2021/03/30 13:30:02 log.go:35: 开始服务...

2021/03/30 13:30:44 log.go:35: ================>>>  开始启动...

2021/03/30 13:30:44 log.go:35: 开始服务...

2021/03/30 13:30:45 log.go:35: ================>>>  开始启动...

2021/03/30 13:30:45 log.go:35: 开始服务...

2021/03/30 13:31:24 log.go:35: ================>>>  开始启动...

2021/03/30 13:31:24 log.go:35: 开始服务...

2021/03/30 13:31:24 log.go:35: ================>>>  开始启动...

2021/03/30 13:31:24 log.go:35: 开始服务...

2021/03/30 13:32:16 log.go:35: ================>>>  开始启动...

2021/03/30 13:32:16 log.go:35: 开始服务...

2021/03/30 13:32:16 log.go:35: ================>>>  开始启动...

2021/03/30 13:32:16 log.go:35: 开始服务...

2021/03/30 13:32:54 log.go:35: ================>>>  开始启动...

2021/03/30 13:32:54 log.go:35: 开始服务...

2021/03/30 13:32:55 log.go:35: ================>>>  开始启动...

2021/03/30 13:32:55 log.go:35: 开始服务...

2021/03/30 13:33:29 log.go:35: ================>>>  开始启动...

2021/03/30 13:33:29 log.go:35: 开始服务...

2021/03/30 13:33:29 log.go:35: ================>>>  开始启动...

2021/03/30 13:33:29 log.go:35: 开始服务...

2021/03/30 13:35:43 log.go:35: ================>>>  开始启动...

2021/03/30 13:35:43 log.go:35: 开始服务...

2021/03/30 13:35:43 log.go:35: ================>>>  开始启动...

2021/03/30 13:35:43 log.go:35: 开始服务...

2021/03/30 13:36:15 log.go:35: ================>>>  开始启动...

2021/03/30 13:36:15 log.go:35: 开始服务...

2021/03/30 13:36:15 log.go:35: ================>>>  开始启动...

2021/03/30 13:36:15 log.go:35: 开始服务...

2021/03/30 13:37:10 log.go:35: ================>>>  开始启动...

2021/03/30 13:37:10 log.go:35: 开始服务...

2021/03/30 13:37:11 log.go:35: ================>>>  开始启动...

2021/03/30 13:37:11 log.go:35: 开始服务...

2021/03/30 13:38:27 log.go:35: ================>>>  开始启动...

2021/03/30 13:38:27 log.go:35: 开始服务...

2021/03/30 13:38:28 log.go:35: ================>>>  开始启动...

2021/03/30 13:38:28 log.go:35: 开始服务...

2021/03/30 13:44:54 log.go:35: ================>>>  开始启动...

2021/03/30 13:44:54 log.go:35: 开始服务...

2021/03/30 13:44:54 log.go:35: ================>>>  开始启动...

2021/03/30 13:44:54 log.go:35: 开始服务...

2021/03/30 13:46:36 log.go:35: ================>>>  开始启动...

2021/03/30 13:46:36 log.go:35: 开始服务...

2021/03/30 13:46:37 log.go:35: ================>>>  开始启动...

2021/03/30 13:46:37 log.go:35: 开始服务...

2021/03/30 13:48:14 log.go:35: ================>>>  开始启动...

2021/03/30 13:48:14 log.go:35: 开始服务...

2021/03/30 13:48:15 log.go:35: ================>>>  开始启动...

2021/03/30 13:48:15 log.go:35: 开始服务...

2021/03/30 13:48:17 log.go:35: MyISAM

2021/03/30 13:48:17 log.go:35: MyISAM

2021/03/30 13:48:17 log.go:35: MyISAM

2021/03/30 13:48:17 log.go:35: MRG_MYISAM

2021/03/30 13:48:17 log.go:35: MyISAM

2021/03/30 13:49:12 log.go:35: ================>>>  开始启动...

2021/03/30 13:49:12 log.go:35: 开始服务...

2021/03/30 13:49:13 log.go:35: ================>>>  开始启动...

2021/03/30 13:49:13 log.go:35: 开始服务...

2021/03/30 14:34:17 log.go:35: ================>>>  开始启动...

2021/03/30 14:34:17 log.go:35: 开始服务...

2021/03/30 14:34:18 log.go:35: ================>>>  开始启动...

2021/03/30 14:34:18 log.go:35: 开始服务...

2021/03/30 14:37:50 log.go:35: ================>>>  开始启动...

2021/03/30 14:37:50 log.go:35: 开始服务...

2021/03/30 14:37:50 log.go:35: ================>>>  开始启动...

2021/03/30 14:37:50 log.go:35: 开始服务...

2021/03/30 14:40:32 log.go:35: ================>>>  开始启动...

2021/03/30 14:40:32 log.go:35: 开始服务...

2021/03/30 14:40:32 log.go:35: ================>>>  开始启动...

2021/03/30 14:40:32 log.go:35: 开始服务...

2021/03/30 14:41:28 log.go:35: ================>>>  开始启动...

2021/03/30 14:41:28 log.go:35: 开始服务...

2021/03/30 14:41:29 log.go:35: ================>>>  开始启动...

2021/03/30 14:41:29 log.go:35: 开始服务...

2021/03/30 14:42:04 log.go:35: ================>>>  开始启动...

2021/03/30 14:42:04 log.go:35: 开始服务...

2021/03/30 14:42:04 log.go:35: ================>>>  开始启动...

2021/03/30 14:42:04 log.go:35: 开始服务...

2021/03/30 14:42:49 log.go:35: ================>>>  开始启动...

2021/03/30 14:42:49 log.go:35: 开始服务...

2021/03/30 14:42:49 log.go:35: ================>>>  开始启动...

2021/03/30 14:42:49 log.go:35: 开始服务...

2021/03/30 14:44:23 log.go:35: ================>>>  开始启动...

2021/03/30 14:44:23 log.go:35: 开始服务...

2021/03/30 14:44:24 log.go:35: ================>>>  开始启动...

2021/03/30 14:44:24 log.go:35: 开始服务...

2021/03/30 14:45:41 log.go:35: ================>>>  开始启动...

2021/03/30 14:45:41 log.go:35: 开始服务...

2021/03/30 14:45:42 log.go:35: ================>>>  开始启动...

2021/03/30 14:45:42 log.go:35: 开始服务...

2021/03/30 14:58:52 log.go:35: ================>>>  开始启动...

2021/03/30 14:58:52 log.go:35: 开始服务...

2021/03/30 14:58:53 log.go:35: ================>>>  开始启动...

2021/03/30 14:58:53 log.go:35: 开始服务...

2021/03/30 15:00:05 log.go:35: ================>>>  开始启动...

2021/03/30 15:00:05 log.go:35: 开始服务...

2021/03/30 15:00:06 log.go:35: ================>>>  开始启动...

2021/03/30 15:00:06 log.go:35: 开始服务...

2021/03/30 15:21:21 log.go:35: ================>>>  开始启动...

2021/03/30 15:21:21 log.go:35: 开始服务...

2021/03/30 15:21:21 log.go:35: ================>>>  开始启动...

2021/03/30 15:21:21 log.go:35: 开始服务...

2021/03/30 15:22:02 log.go:35: ================>>>  开始启动...

2021/03/30 15:22:02 log.go:35: 开始服务...

2021/03/30 15:22:02 log.go:35: ================>>>  开始启动...

2021/03/30 15:22:02 log.go:35: 开始服务...

2021/03/30 15:33:47 log.go:35: ================>>>  开始启动...

2021/03/30 15:33:47 log.go:35: 开始服务...

2021/03/30 15:33:48 log.go:35: ================>>>  开始启动...

2021/03/30 15:33:48 log.go:35: 开始服务...

2021/03/30 15:38:07 log.go:35: ================>>>  开始启动...

2021/03/30 15:38:07 log.go:35: 开始服务...

2021/03/30 15:38:08 log.go:35: ================>>>  开始启动...

2021/03/30 15:38:08 log.go:35: 开始服务...

2021/03/30 15:58:37 log.go:35: ================>>>  开始启动...

2021/03/30 15:58:37 log.go:35: 开始服务...

2021/03/30 15:58:38 log.go:35: ================>>>  开始启动...

2021/03/30 15:58:38 log.go:35: 开始服务...

2021/03/30 16:07:09 log.go:35: ================>>>  开始启动...

2021/03/30 16:07:09 log.go:35: 开始服务...

2021/03/30 16:07:10 log.go:35: ================>>>  开始启动...

2021/03/30 16:07:10 log.go:35: 开始服务...

2021/03/30 16:16:45 log.go:35: ================>>>  开始启动...

2021/03/30 16:16:45 log.go:35: 开始服务...

2021/03/30 16:16:46 log.go:35: ================>>>  开始启动...

2021/03/30 16:16:46 log.go:35: 开始服务...

2021/03/30 16:20:17 log.go:35: ================>>>  开始启动...

2021/03/30 16:20:17 log.go:35: 开始服务...

2021/03/30 16:20:18 log.go:35: ================>>>  开始启动...

2021/03/30 16:20:18 log.go:35: 开始服务...

2021/03/30 20:04:30 log.go:35: ================>>>  开始启动...

2021/03/30 20:04:30 log.go:35: 开始服务...

2021/03/30 20:04:31 log.go:35: ================>>>  开始启动...

2021/03/30 20:04:31 log.go:35: 开始服务...

2021/03/30 20:05:35 log.go:35: ================>>>  开始启动...

2021/03/30 20:05:35 log.go:35: 开始服务...

2021/03/30 20:05:36 log.go:35: ================>>>  开始启动...

2021/03/30 20:05:36 log.go:35: 开始服务...

2021/03/30 20:06:19 log.go:35: ================>>>  开始启动...

2021/03/30 20:06:19 log.go:35: 开始服务...

2021/03/30 20:06:19 log.go:35: ================>>>  开始启动...

2021/03/30 20:06:19 log.go:35: 开始服务...

2021/03/30 20:10:52 log.go:35: ================>>>  开始启动...

2021/03/30 20:10:52 log.go:35: 开始服务...

2021/03/30 20:10:53 log.go:35: ================>>>  开始启动...

2021/03/30 20:10:53 log.go:35: 开始服务...

2021/03/30 20:12:36 log.go:35: ================>>>  开始启动...

2021/03/30 20:12:36 log.go:35: 开始服务...

2021/03/30 20:12:36 log.go:35: ================>>>  开始启动...

2021/03/30 20:12:36 log.go:35: 开始服务...

2021/03/31 12:18:46 log.go:35: ================>>>  开始启动...

2021/03/31 12:18:46 log.go:35: 开始服务...

2021/03/31 12:18:47 log.go:35: ================>>>  开始启动...

2021/03/31 12:18:47 log.go:35: 开始服务...

2021/03/31 12:22:29 log.go:35: ================>>>  开始启动...

2021/03/31 12:22:29 log.go:35: 开始服务...

2021/03/31 12:22:30 log.go:35: ================>>>  开始启动...

2021/03/31 12:22:30 log.go:35: 开始服务...

2021/03/31 12:23:32 log.go:35: ================>>>  开始启动...

2021/03/31 12:23:32 log.go:35: 开始服务...

2021/03/31 12:23:33 log.go:35: ================>>>  开始启动...

2021/03/31 12:23:33 log.go:35: 开始服务...

2021/03/31 12:24:20 log.go:35: ================>>>  开始启动...

2021/03/31 12:24:20 log.go:35: 开始服务...

2021/03/31 12:24:21 log.go:35: ================>>>  开始启动...

2021/03/31 12:24:21 log.go:35: 开始服务...

2021/03/31 12:50:29 log.go:35: ================>>>  开始启动...

2021/03/31 12:50:29 log.go:35: 开始服务...

2021/03/31 12:50:30 log.go:35: ================>>>  开始启动...

2021/03/31 12:50:30 log.go:35: 开始服务...

2021/03/31 12:55:16 log.go:35: ================>>>  开始启动...

2021/03/31 12:55:16 log.go:35: 开始服务...

2021/03/31 12:55:17 log.go:35: ================>>>  开始启动...

2021/03/31 12:55:17 log.go:35: 开始服务...

2021/03/31 14:40:38 log.go:35: ================>>>  开始启动...

2021/03/31 14:40:38 log.go:35: 开始服务...

2021/03/31 14:40:38 log.go:35: ================>>>  开始启动...

2021/03/31 14:40:38 log.go:35: 开始服务...

2021/03/31 14:41:30 log.go:35: ================>>>  开始启动...

2021/03/31 14:41:30 log.go:35: 开始服务...

2021/03/31 14:41:31 log.go:35: ================>>>  开始启动...

2021/03/31 14:41:31 log.go:35: 开始服务...

2021/03/31 14:51:13 log.go:35: ================>>>  开始启动...

2021/03/31 14:51:13 log.go:35: 开始服务...

2021/03/31 14:51:14 log.go:35: ================>>>  开始启动...

2021/03/31 14:51:14 log.go:35: 开始服务...

2021/03/31 14:53:28 log.go:35: ================>>>  开始启动...

2021/03/31 14:53:28 log.go:35: 开始服务...

2021/03/31 14:53:28 log.go:35: ================>>>  开始启动...

2021/03/31 14:53:28 log.go:35: 开始服务...

2021/03/31 16:46:08 log.go:35: ================>>>  开始启动...

2021/03/31 16:46:08 log.go:35: 开始服务...

2021/03/31 16:46:08 log.go:35: ================>>>  开始启动...

2021/03/31 16:46:08 log.go:35: 开始服务...

2021/03/31 16:59:00 log.go:35: ================>>>  开始启动...

2021/03/31 16:59:00 log.go:35: 开始服务...

2021/03/31 16:59:00 log.go:35: ================>>>  开始启动...

2021/03/31 16:59:00 log.go:35: 开始服务...

2021/03/31 17:00:30 log.go:35: ================>>>  开始启动...

2021/03/31 17:00:30 log.go:35: 开始服务...

2021/03/31 17:00:31 log.go:35: ================>>>  开始启动...

2021/03/31 17:00:31 log.go:35: 开始服务...

2021/03/31 20:05:51 log.go:35: ================>>>  开始启动...

2021/03/31 20:05:51 log.go:35: 开始服务...

2021/03/31 20:05:52 log.go:35: ================>>>  开始启动...

2021/03/31 20:05:52 log.go:35: 开始服务...

2021/03/31 20:21:49 log.go:35: ================>>>  开始启动...

2021/03/31 20:21:49 log.go:35: 开始服务...

2021/03/31 20:21:50 log.go:35: ================>>>  开始启动...

2021/03/31 20:21:50 log.go:35: 开始服务...

2021/03/31 20:25:36 log.go:35: ================>>>  开始启动...

2021/03/31 20:25:36 log.go:35: 开始服务...

2021/03/31 20:25:36 log.go:35: ================>>>  开始启动...

2021/03/31 20:25:36 log.go:35: 开始服务...

2021/03/31 20:26:35 log.go:35: ================>>>  开始启动...

2021/03/31 20:26:35 log.go:35: 开始服务...

2021/03/31 20:26:35 log.go:35: ================>>>  开始启动...

2021/03/31 20:26:35 log.go:35: 开始服务...

2021/03/31 20:27:07 log.go:35: ================>>>  开始启动...

2021/03/31 20:27:07 log.go:35: 开始服务...

2021/03/31 20:27:08 log.go:35: ================>>>  开始启动...

2021/03/31 20:27:08 log.go:35: 开始服务...

2021/03/31 20:36:14 log.go:35: ================>>>  开始启动...

2021/03/31 20:36:14 log.go:35: 开始服务...

2021/03/31 20:36:15 log.go:35: ================>>>  开始启动...

2021/03/31 20:36:15 log.go:35: 开始服务...

2021/03/31 20:38:02 log.go:35: ================>>>  开始启动...

2021/03/31 20:38:02 log.go:35: 开始服务...

2021/03/31 20:38:03 log.go:35: ================>>>  开始启动...

2021/03/31 20:38:03 log.go:35: 开始服务...

2021/03/31 20:51:03 log.go:35: ================>>>  开始启动...

2021/03/31 20:51:03 log.go:35: 开始服务...

2021/03/31 20:51:04 log.go:35: ================>>>  开始启动...

2021/03/31 20:51:04 log.go:35: 开始服务...

2021/04/01 08:33:03 log.go:35: ================>>>  开始启动...

2021/04/01 08:33:03 log.go:35: 开始服务...

2021/04/01 08:33:04 log.go:35: ================>>>  开始启动...

2021/04/01 08:33:04 log.go:35: 开始服务...

2021/04/01 08:37:11 log.go:35: ================>>>  开始启动...

2021/04/01 08:37:11 log.go:35: 开始服务...

2021/04/01 08:37:12 log.go:35: ================>>>  开始启动...

2021/04/01 08:37:12 log.go:35: 开始服务...

2021/04/01 08:42:03 log.go:35: ================>>>  开始启动...

2021/04/01 08:42:03 log.go:35: 开始服务...

2021/04/01 08:42:04 log.go:35: ================>>>  开始启动...

2021/04/01 08:42:04 log.go:35: 开始服务...

2021/04/01 09:23:43 log.go:35: ================>>>  开始启动...

2021/04/01 09:23:43 log.go:35: 开始服务...

2021/04/01 09:23:44 log.go:35: ================>>>  开始启动...

2021/04/01 09:23:44 log.go:35: 开始服务...

